<?xml version="1.0" encoding="UTF-8"?>
<testng-results skipped="0" failed="0" ignored="0" total="1" passed="1">
  <reporter-output>
  </reporter-output>
  <suite name="Default suite" duration-ms="36830" started-at="2021-04-26T20:00:22 IST" finished-at="2021-04-26T20:00:58 IST">
    <groups>
    </groups>
    <test name="Default test" duration-ms="36830" started-at="2021-04-26T20:00:22 IST" finished-at="2021-04-26T20:00:58 IST">
      <class name="com.goibibo.TestClass.Location">
        <test-method status="PASS" signature="configBS()[pri:0, instance:com.goibibo.TestClass.Location@536aaa8d]" name="configBS" is-config="true" duration-ms="523" started-at="2021-04-26T20:00:21 IST" finished-at="2021-04-26T20:00:22 IST">
          <reporter-output>
          </reporter-output>
        </test-method> <!-- configBS -->
        <test-method status="PASS" signature="configBC()[pri:0, instance:com.goibibo.TestClass.Location@536aaa8d]" name="configBC" is-config="true" duration-ms="26164" started-at="2021-04-26T20:00:22 IST" finished-at="2021-04-26T20:00:48 IST">
          <reporter-output>
          </reporter-output>
        </test-method> <!-- configBC -->
        <test-method status="PASS" signature="configBM()[pri:0, instance:com.goibibo.TestClass.Location@536aaa8d]" name="configBM" is-config="true" duration-ms="1" started-at="2021-04-26T20:00:48 IST" finished-at="2021-04-26T20:00:48 IST">
          <reporter-output>
          </reporter-output>
        </test-method> <!-- configBM -->
        <test-method status="PASS" signature="FromToLoc()[pri:0, instance:com.goibibo.TestClass.Location@536aaa8d]" name="FromToLoc" duration-ms="6033" started-at="2021-04-26T20:00:48 IST" finished-at="2021-04-26T20:00:54 IST">
          <reporter-output>
          </reporter-output>
        </test-method> <!-- FromToLoc -->
        <test-method status="PASS" signature="configAM()[pri:0, instance:com.goibibo.TestClass.Location@536aaa8d]" name="configAM" is-config="true" duration-ms="1" started-at="2021-04-26T20:00:54 IST" finished-at="2021-04-26T20:00:54 IST">
          <reporter-output>
          </reporter-output>
        </test-method> <!-- configAM -->
        <test-method status="PASS" signature="configAC()[pri:0, instance:com.goibibo.TestClass.Location@536aaa8d]" name="configAC" is-config="true" duration-ms="4547" started-at="2021-04-26T20:00:54 IST" finished-at="2021-04-26T20:00:58 IST">
          <reporter-output>
          </reporter-output>
        </test-method> <!-- configAC -->
        <test-method status="PASS" signature="configAS()[pri:0, instance:com.goibibo.TestClass.Location@536aaa8d]" name="configAS" is-config="true" duration-ms="12" started-at="2021-04-26T20:00:58 IST" finished-at="2021-04-26T20:00:58 IST">
          <reporter-output>
          </reporter-output>
        </test-method> <!-- configAS -->
      </class> <!-- com.goibibo.TestClass.Location -->
    </test> <!-- Default test -->
  </suite> <!-- Default suite -->
</testng-results>
